Build started 10/24/2016 12:02:33 AM.
     1>Project "c:\Users\Remsyk\documents\visual studio 2013\Projects\Project4\Project4\Project4.vcxproj" on node 2 (Build target(s)).
     1>D:\Program Files (x86)\MSBuild\Microsoft.Cpp\v4.0\V120\Microsoft.CppBuild.targets(388,5): warning MSB8028: The intermediate directory (Debug\) contains files shared from another project (Project4.vcxproj).  This can lead to incorrect clean and rebuild behavior.
     1>ClCompile:
         C:\Program Files (x86)\Microsoft Visual Studio 12.0\VC\bin\CL.exe /c /ZI /nologo /W3 /WX- /sdl /Od /Oy- /D _MBCS /Gm /EHsc /RTC1 /MDd /GS /fp:precise /Zc:wchar_t /Zc:forScope /Fo"Debug\\" /Fd"Debug\vc120.pdb" /Gd /TP /analyze- /errorReport:prompt PointerOperations.cpp
         PointerOperations.cpp
     1>c:\users\remsyk\documents\visual studio 2013\projects\project4\project4\pointeroperations.cpp(116): error C2360: initialization of 'newChar' is skipped by 'case' label
                 c:\users\remsyk\documents\visual studio 2013\projects\project4\project4\pointeroperations.cpp(106) : see declaration of 'newChar'
     1>c:\users\remsyk\documents\visual studio 2013\projects\project4\project4\pointeroperations.cpp(116): error C2360: initialization of 'oldChar' is skipped by 'case' label
                 c:\users\remsyk\documents\visual studio 2013\projects\project4\project4\pointeroperations.cpp(105) : see declaration of 'oldChar'
     1>c:\users\remsyk\documents\visual studio 2013\projects\project4\project4\pointeroperations.cpp(116): error C2360: initialization of 'index' is skipped by 'case' label
                 c:\users\remsyk\documents\visual studio 2013\projects\project4\project4\pointeroperations.cpp(104) : see declaration of 'index'
     1>c:\users\remsyk\documents\visual studio 2013\projects\project4\project4\pointeroperations.cpp(126): error C2360: initialization of 'newChar' is skipped by 'case' label
                 c:\users\remsyk\documents\visual studio 2013\projects\project4\project4\pointeroperations.cpp(106) : see declaration of 'newChar'
     1>c:\users\remsyk\documents\visual studio 2013\projects\project4\project4\pointeroperations.cpp(126): error C2360: initialization of 'oldChar' is skipped by 'case' label
                 c:\users\remsyk\documents\visual studio 2013\projects\project4\project4\pointeroperations.cpp(105) : see declaration of 'oldChar'
     1>c:\users\remsyk\documents\visual studio 2013\projects\project4\project4\pointeroperations.cpp(126): error C2360: initialization of 'index' is skipped by 'case' label
                 c:\users\remsyk\documents\visual studio 2013\projects\project4\project4\pointeroperations.cpp(104) : see declaration of 'index'
     1>c:\users\remsyk\documents\visual studio 2013\projects\project4\project4\pointeroperations.cpp(137): error C2360: initialization of 'newChar' is skipped by 'case' label
                 c:\users\remsyk\documents\visual studio 2013\projects\project4\project4\pointeroperations.cpp(106) : see declaration of 'newChar'
     1>c:\users\remsyk\documents\visual studio 2013\projects\project4\project4\pointeroperations.cpp(137): error C2360: initialization of 'oldChar' is skipped by 'case' label
                 c:\users\remsyk\documents\visual studio 2013\projects\project4\project4\pointeroperations.cpp(105) : see declaration of 'oldChar'
     1>c:\users\remsyk\documents\visual studio 2013\projects\project4\project4\pointeroperations.cpp(137): error C2360: initialization of 'index' is skipped by 'case' label
                 c:\users\remsyk\documents\visual studio 2013\projects\project4\project4\pointeroperations.cpp(104) : see declaration of 'index'
     1>c:\users\remsyk\documents\visual studio 2013\projects\project4\project4\pointeroperations.cpp(141): error C2360: initialization of 'newChar' is skipped by 'case' label
                 c:\users\remsyk\documents\visual studio 2013\projects\project4\project4\pointeroperations.cpp(106) : see declaration of 'newChar'
     1>c:\users\remsyk\documents\visual studio 2013\projects\project4\project4\pointeroperations.cpp(141): error C2360: initialization of 'oldChar' is skipped by 'case' label
                 c:\users\remsyk\documents\visual studio 2013\projects\project4\project4\pointeroperations.cpp(105) : see declaration of 'oldChar'
     1>c:\users\remsyk\documents\visual studio 2013\projects\project4\project4\pointeroperations.cpp(141): error C2360: initialization of 'index' is skipped by 'case' label
                 c:\users\remsyk\documents\visual studio 2013\projects\project4\project4\pointeroperations.cpp(104) : see declaration of 'index'
     1>c:\users\remsyk\documents\visual studio 2013\projects\project4\project4\pointeroperations.cpp(145): error C2360: initialization of 'newChar' is skipped by 'case' label
                 c:\users\remsyk\documents\visual studio 2013\projects\project4\project4\pointeroperations.cpp(106) : see declaration of 'newChar'
     1>c:\users\remsyk\documents\visual studio 2013\projects\project4\project4\pointeroperations.cpp(145): error C2360: initialization of 'oldChar' is skipped by 'case' label
                 c:\users\remsyk\documents\visual studio 2013\projects\project4\project4\pointeroperations.cpp(105) : see declaration of 'oldChar'
     1>c:\users\remsyk\documents\visual studio 2013\projects\project4\project4\pointeroperations.cpp(145): error C2360: initialization of 'index' is skipped by 'case' label
                 c:\users\remsyk\documents\visual studio 2013\projects\project4\project4\pointeroperations.cpp(104) : see declaration of 'index'
     1>c:\users\remsyk\documents\visual studio 2013\projects\project4\project4\pointeroperations.cpp(148): error C2361: initialization of 'newChar' is skipped by 'default' label
                 c:\users\remsyk\documents\visual studio 2013\projects\project4\project4\pointeroperations.cpp(106) : see declaration of 'newChar'
     1>c:\users\remsyk\documents\visual studio 2013\projects\project4\project4\pointeroperations.cpp(148): error C2361: initialization of 'oldChar' is skipped by 'default' label
                 c:\users\remsyk\documents\visual studio 2013\projects\project4\project4\pointeroperations.cpp(105) : see declaration of 'oldChar'
     1>c:\users\remsyk\documents\visual studio 2013\projects\project4\project4\pointeroperations.cpp(148): error C2361: initialization of 'index' is skipped by 'default' label
                 c:\users\remsyk\documents\visual studio 2013\projects\project4\project4\pointeroperations.cpp(104) : see declaration of 'index'
     1>Done Building Project "c:\Users\Remsyk\documents\visual studio 2013\Projects\Project4\Project4\Project4.vcxproj" (Build target(s)) -- FAILED.

Build FAILED.

Time Elapsed 00:00:00.40
